[2025-07-15 02:51:43] CRITICAL: Uncaught Exception: Integration test exception {"exception":"RuntimeException","file":"C:\\Users\\dl_ag\\Herd\\micro-framework-php\\tests\\Unit\\Core\\ErrorHandlerIntegrationTest.php","line":55,"trace":"#0 C:\\Users\\dl_ag\\Herd\\micro-framework-php\\vendor\\phpunit\\phpunit\\src\\Framework\\TestCase.php(1188): Tests\\Unit\\Core\\ErrorHandlerIntegrationTest->test_error_handler_integrates_with_advanced_renderer_in_debug_mode()\n#1 C:\\Users\\dl_ag\\Herd\\micro-framework-php\\vendor\\phpunit\\phpunit\\src\\Framework\\TestCase.php(687): PHPUnit\\Framework\\TestCase->runTest()\n#2 C:\\Users\\dl_ag\\Herd\\micro-framework-php\\vendor\\phpunit\\phpunit\\src\\Framework\\TestRunner.php(106): PHPUnit\\Framework\\TestCase->runBare()\n#3 C:\\Users\\dl_ag\\Herd\\micro-framework-php\\vendor\\phpunit\\phpunit\\src\\Framework\\TestCase.php(517): PHPUnit\\Framework\\TestRunner->run(Object(Tests\\Unit\\Core\\ErrorHandlerIntegrationTest))\n#4 C:\\Users\\dl_ag\\Herd\\micro-framework-php\\vendor\\phpunit\\phpunit\\src\\Framework\\TestSuite.php(380): PHPUnit\\Framework\\TestCase->run()\n#5 C:\\Users\\dl_ag\\Herd\\micro-framework-php\\vendor\\phpunit\\phpunit\\src\\TextUI\\TestRunner.php(64): PHPUnit\\Framework\\TestSuite->run()\n#6 C:\\Users\\dl_ag\\Herd\\micro-framework-php\\vendor\\phpunit\\phpunit\\src\\TextUI\\Application.php(202): PHPUnit\\TextUI\\TestRunner->run(Object(PHPUnit\\TextUI\\Configuration\\Configuration), Object(PHPUnit\\Runner\\ResultCache\\DefaultResultCache), Object(PHPUnit\\Framework\\TestSuite))\n#7 C:\\Users\\dl_ag\\Herd\\micro-framework-php\\vendor\\pestphp\\pest\\src\\Kernel.php(103): PHPUnit\\TextUI\\Application->run(Array)\n#8 C:\\Users\\dl_ag\\Herd\\micro-framework-php\\vendor\\pestphp\\pest\\bin\\pest(91): Pest\\Kernel->handle(Array, Array)\n#9 C:\\Users\\dl_ag\\Herd\\micro-framework-php\\vendor\\pestphp\\pest\\bin\\pest(99): {closure:C:\\Users\\dl_ag\\Herd\\micro-framework-php\\vendor\\pestphp\\pest\\bin\\pest:12}()\n#10 C:\\Users\\dl_ag\\Herd\\micro-framework-php\\vendor\\bin\\pest(119): include('C:\\\\Users\\\\dl_ag\\\\...')\n#11 {main}"}
[2025-07-15 02:53:01] CRITICAL: Uncaught Exception: Integration test exception {"exception":"RuntimeException","file":"C:\\Users\\dl_ag\\Herd\\micro-framework-php\\tests\\Unit\\Core\\ErrorHandlerIntegrationTest.php","line":55,"trace":"#0 C:\\Users\\dl_ag\\Herd\\micro-framework-php\\vendor\\phpunit\\phpunit\\src\\Framework\\TestCase.php(1188): Tests\\Unit\\Core\\ErrorHandlerIntegrationTest->test_error_handler_integrates_with_advanced_renderer_in_debug_mode()\n#1 C:\\Users\\dl_ag\\Herd\\micro-framework-php\\vendor\\phpunit\\phpunit\\src\\Framework\\TestCase.php(687): PHPUnit\\Framework\\TestCase->runTest()\n#2 C:\\Users\\dl_ag\\Herd\\micro-framework-php\\vendor\\phpunit\\phpunit\\src\\Framework\\TestRunner.php(106): PHPUnit\\Framework\\TestCase->runBare()\n#3 C:\\Users\\dl_ag\\Herd\\micro-framework-php\\vendor\\phpunit\\phpunit\\src\\Framework\\TestCase.php(517): PHPUnit\\Framework\\TestRunner->run(Object(Tests\\Unit\\Core\\ErrorHandlerIntegrationTest))\n#4 C:\\Users\\dl_ag\\Herd\\micro-framework-php\\vendor\\phpunit\\phpunit\\src\\Framework\\TestSuite.php(380): PHPUnit\\Framework\\TestCase->run()\n#5 C:\\Users\\dl_ag\\Herd\\micro-framework-php\\vendor\\phpunit\\phpunit\\src\\TextUI\\TestRunner.php(64): PHPUnit\\Framework\\TestSuite->run()\n#6 C:\\Users\\dl_ag\\Herd\\micro-framework-php\\vendor\\phpunit\\phpunit\\src\\TextUI\\Application.php(202): PHPUnit\\TextUI\\TestRunner->run(Object(PHPUnit\\TextUI\\Configuration\\Configuration), Object(PHPUnit\\Runner\\ResultCache\\DefaultResultCache), Object(PHPUnit\\Framework\\TestSuite))\n#7 C:\\Users\\dl_ag\\Herd\\micro-framework-php\\vendor\\pestphp\\pest\\src\\Kernel.php(103): PHPUnit\\TextUI\\Application->run(Array)\n#8 C:\\Users\\dl_ag\\Herd\\micro-framework-php\\vendor\\pestphp\\pest\\bin\\pest(91): Pest\\Kernel->handle(Array, Array)\n#9 C:\\Users\\dl_ag\\Herd\\micro-framework-php\\vendor\\pestphp\\pest\\bin\\pest(99): {closure:C:\\Users\\dl_ag\\Herd\\micro-framework-php\\vendor\\pestphp\\pest\\bin\\pest:12}()\n#10 C:\\Users\\dl_ag\\Herd\\micro-framework-php\\vendor\\bin\\pest(119): include('C:\\\\Users\\\\dl_ag\\\\...')\n#11 {main}"}
