[2025-07-15 02:53:28] CRITICAL: Uncaught Exception: Development error details {"exception":"RuntimeException","file":"C:\\Users\\dl_ag\\Herd\\micro-framework-php\\tests\\Unit\\Debug\\EnvironmentErrorHandlingTest.php","line":60,"trace":"#0 C:\\Users\\dl_ag\\Herd\\micro-framework-php\\vendor\\phpunit\\phpunit\\src\\Framework\\TestCase.php(1188): Tests\\Unit\\Debug\\EnvironmentErrorHandlingTest->test_development_environment_shows_detailed_errors()\n#1 C:\\Users\\dl_ag\\Herd\\micro-framework-php\\vendor\\phpunit\\phpunit\\src\\Framework\\TestCase.php(687): PHPUnit\\Framework\\TestCase->runTest()\n#2 C:\\Users\\dl_ag\\Herd\\micro-framework-php\\vendor\\phpunit\\phpunit\\src\\Framework\\TestRunner.php(106): PHPUnit\\Framework\\TestCase->runBare()\n#3 C:\\Users\\dl_ag\\Herd\\micro-framework-php\\vendor\\phpunit\\phpunit\\src\\Framework\\TestCase.php(517): PHPUnit\\Framework\\TestRunner->run(Object(Tests\\Unit\\Debug\\EnvironmentErrorHandlingTest))\n#4 C:\\Users\\dl_ag\\Herd\\micro-framework-php\\vendor\\phpunit\\phpunit\\src\\Framework\\TestSuite.php(380): PHPUnit\\Framework\\TestCase->run()\n#5 C:\\Users\\dl_ag\\Herd\\micro-framework-php\\vendor\\phpunit\\phpunit\\src\\TextUI\\TestRunner.php(64): PHPUnit\\Framework\\TestSuite->run()\n#6 C:\\Users\\dl_ag\\Herd\\micro-framework-php\\vendor\\phpunit\\phpunit\\src\\TextUI\\Application.php(202): PHPUnit\\TextUI\\TestRunner->run(Object(PHPUnit\\TextUI\\Configuration\\Configuration), Object(PHPUnit\\Runner\\ResultCache\\DefaultResultCache), Object(PHPUnit\\Framework\\TestSuite))\n#7 C:\\Users\\dl_ag\\Herd\\micro-framework-php\\vendor\\pestphp\\pest\\src\\Kernel.php(103): PHPUnit\\TextUI\\Application->run(Array)\n#8 C:\\Users\\dl_ag\\Herd\\micro-framework-php\\vendor\\pestphp\\pest\\bin\\pest(91): Pest\\Kernel->handle(Array, Array)\n#9 C:\\Users\\dl_ag\\Herd\\micro-framework-php\\vendor\\pestphp\\pest\\bin\\pest(99): {closure:C:\\Users\\dl_ag\\Herd\\micro-framework-php\\vendor\\pestphp\\pest\\bin\\pest:12}()\n#10 C:\\Users\\dl_ag\\Herd\\micro-framework-php\\vendor\\bin\\pest(119): include('C:\\\\Users\\\\dl_ag\\\\...')\n#11 {main}"}
[2025-07-15 02:56:33] CRITICAL: Uncaught Exception: Development error details {"exception":"RuntimeException","file":"C:\\Users\\dl_ag\\Herd\\micro-framework-php\\tests\\Unit\\Debug\\EnvironmentErrorHandlingTest.php","line":60,"trace":"#0 C:\\Users\\dl_ag\\Herd\\micro-framework-php\\vendor\\phpunit\\phpunit\\src\\Framework\\TestCase.php(1188): Tests\\Unit\\Debug\\EnvironmentErrorHandlingTest->test_development_environment_shows_detailed_errors()\n#1 C:\\Users\\dl_ag\\Herd\\micro-framework-php\\vendor\\phpunit\\phpunit\\src\\Framework\\TestCase.php(687): PHPUnit\\Framework\\TestCase->runTest()\n#2 C:\\Users\\dl_ag\\Herd\\micro-framework-php\\vendor\\phpunit\\phpunit\\src\\Framework\\TestRunner.php(106): PHPUnit\\Framework\\TestCase->runBare()\n#3 C:\\Users\\dl_ag\\Herd\\micro-framework-php\\vendor\\phpunit\\phpunit\\src\\Framework\\TestCase.php(517): PHPUnit\\Framework\\TestRunner->run(Object(Tests\\Unit\\Debug\\EnvironmentErrorHandlingTest))\n#4 C:\\Users\\dl_ag\\Herd\\micro-framework-php\\vendor\\phpunit\\phpunit\\src\\Framework\\TestSuite.php(380): PHPUnit\\Framework\\TestCase->run()\n#5 C:\\Users\\dl_ag\\Herd\\micro-framework-php\\vendor\\phpunit\\phpunit\\src\\TextUI\\TestRunner.php(64): PHPUnit\\Framework\\TestSuite->run()\n#6 C:\\Users\\dl_ag\\Herd\\micro-framework-php\\vendor\\phpunit\\phpunit\\src\\TextUI\\Application.php(202): PHPUnit\\TextUI\\TestRunner->run(Object(PHPUnit\\TextUI\\Configuration\\Configuration), Object(PHPUnit\\Runner\\ResultCache\\DefaultResultCache), Object(PHPUnit\\Framework\\TestSuite))\n#7 C:\\Users\\dl_ag\\Herd\\micro-framework-php\\vendor\\pestphp\\pest\\src\\Kernel.php(103): PHPUnit\\TextUI\\Application->run(Array)\n#8 C:\\Users\\dl_ag\\Herd\\micro-framework-php\\vendor\\pestphp\\pest\\bin\\pest(91): Pest\\Kernel->handle(Array, Array)\n#9 C:\\Users\\dl_ag\\Herd\\micro-framework-php\\vendor\\pestphp\\pest\\bin\\pest(99): {closure:C:\\Users\\dl_ag\\Herd\\micro-framework-php\\vendor\\pestphp\\pest\\bin\\pest:12}()\n#10 C:\\Users\\dl_ag\\Herd\\micro-framework-php\\vendor\\bin\\pest(119): include('C:\\\\Users\\\\dl_ag\\\\...')\n#11 {main}"}
[2025-07-15 02:56:43] CRITICAL: Uncaught Exception: Sensitive production error {"exception":"RuntimeException","file":"C:\\Users\\dl_ag\\Herd\\micro-framework-php\\tests\\Unit\\Debug\\EnvironmentErrorHandlingTest.php","line":88,"trace":"#0 C:\\Users\\dl_ag\\Herd\\micro-framework-php\\vendor\\phpunit\\phpunit\\src\\Framework\\TestCase.php(1188): Tests\\Unit\\Debug\\EnvironmentErrorHandlingTest->test_production_environment_hides_sensitive_information()\n#1 C:\\Users\\dl_ag\\Herd\\micro-framework-php\\vendor\\phpunit\\phpunit\\src\\Framework\\TestCase.php(687): PHPUnit\\Framework\\TestCase->runTest()\n#2 C:\\Users\\dl_ag\\Herd\\micro-framework-php\\vendor\\phpunit\\phpunit\\src\\Framework\\TestRunner.php(106): PHPUnit\\Framework\\TestCase->runBare()\n#3 C:\\Users\\dl_ag\\Herd\\micro-framework-php\\vendor\\phpunit\\phpunit\\src\\Framework\\TestCase.php(517): PHPUnit\\Framework\\TestRunner->run(Object(Tests\\Unit\\Debug\\EnvironmentErrorHandlingTest))\n#4 C:\\Users\\dl_ag\\Herd\\micro-framework-php\\vendor\\phpunit\\phpunit\\src\\Framework\\TestSuite.php(380): PHPUnit\\Framework\\TestCase->run()\n#5 C:\\Users\\dl_ag\\Herd\\micro-framework-php\\vendor\\phpunit\\phpunit\\src\\TextUI\\TestRunner.php(64): PHPUnit\\Framework\\TestSuite->run()\n#6 C:\\Users\\dl_ag\\Herd\\micro-framework-php\\vendor\\phpunit\\phpunit\\src\\TextUI\\Application.php(202): PHPUnit\\TextUI\\TestRunner->run(Object(PHPUnit\\TextUI\\Configuration\\Configuration), Object(PHPUnit\\Runner\\ResultCache\\DefaultResultCache), Object(PHPUnit\\Framework\\TestSuite))\n#7 C:\\Users\\dl_ag\\Herd\\micro-framework-php\\vendor\\pestphp\\pest\\src\\Kernel.php(103): PHPUnit\\TextUI\\Application->run(Array)\n#8 C:\\Users\\dl_ag\\Herd\\micro-framework-php\\vendor\\pestphp\\pest\\bin\\pest(91): Pest\\Kernel->handle(Array, Array)\n#9 C:\\Users\\dl_ag\\Herd\\micro-framework-php\\vendor\\pestphp\\pest\\bin\\pest(99): {closure:C:\\Users\\dl_ag\\Herd\\micro-framework-php\\vendor\\pestphp\\pest\\bin\\pest:12}()\n#10 C:\\Users\\dl_ag\\Herd\\micro-framework-php\\vendor\\bin\\pest(119): include('C:\\\\Users\\\\dl_ag\\\\...')\n#11 {main}"}
[2025-07-15 03:11:57] CRITICAL: Uncaught Exception: Development error details {"exception":"RuntimeException","file":"C:\\Users\\dl_ag\\Herd\\micro-framework-php\\tests\\Unit\\Debug\\EnvironmentErrorHandlingTest.php","line":60,"trace":"#0 C:\\Users\\dl_ag\\Herd\\micro-framework-php\\vendor\\phpunit\\phpunit\\src\\Framework\\TestCase.php(1188): Tests\\Unit\\Debug\\EnvironmentErrorHandlingTest->test_development_environment_shows_detailed_errors()\n#1 C:\\Users\\dl_ag\\Herd\\micro-framework-php\\vendor\\phpunit\\phpunit\\src\\Framework\\TestCase.php(687): PHPUnit\\Framework\\TestCase->runTest()\n#2 C:\\Users\\dl_ag\\Herd\\micro-framework-php\\vendor\\phpunit\\phpunit\\src\\Framework\\TestRunner.php(106): PHPUnit\\Framework\\TestCase->runBare()\n#3 C:\\Users\\dl_ag\\Herd\\micro-framework-php\\vendor\\phpunit\\phpunit\\src\\Framework\\TestCase.php(517): PHPUnit\\Framework\\TestRunner->run(Object(Tests\\Unit\\Debug\\EnvironmentErrorHandlingTest))\n#4 C:\\Users\\dl_ag\\Herd\\micro-framework-php\\vendor\\phpunit\\phpunit\\src\\Framework\\TestSuite.php(380): PHPUnit\\Framework\\TestCase->run()\n#5 C:\\Users\\dl_ag\\Herd\\micro-framework-php\\vendor\\phpunit\\phpunit\\src\\Framework\\TestSuite.php(380): PHPUnit\\Framework\\TestSuite->run()\n#6 C:\\Users\\dl_ag\\Herd\\micro-framework-php\\vendor\\phpunit\\phpunit\\src\\TextUI\\TestRunner.php(64): PHPUnit\\Framework\\TestSuite->run()\n#7 C:\\Users\\dl_ag\\Herd\\micro-framework-php\\vendor\\phpunit\\phpunit\\src\\TextUI\\Application.php(202): PHPUnit\\TextUI\\TestRunner->run(Object(PHPUnit\\TextUI\\Configuration\\Configuration), Object(PHPUnit\\Runner\\ResultCache\\DefaultResultCache), Object(PHPUnit\\Framework\\TestSuite))\n#8 C:\\Users\\dl_ag\\Herd\\micro-framework-php\\vendor\\pestphp\\pest\\src\\Kernel.php(103): PHPUnit\\TextUI\\Application->run(Array)\n#9 C:\\Users\\dl_ag\\Herd\\micro-framework-php\\vendor\\pestphp\\pest\\bin\\pest(91): Pest\\Kernel->handle(Array, Array)\n#10 C:\\Users\\dl_ag\\Herd\\micro-framework-php\\vendor\\pestphp\\pest\\bin\\pest(99): {closure:C:\\Users\\dl_ag\\Herd\\micro-framework-php\\vendor\\pestphp\\pest\\bin\\pest:12}()\n#11 C:\\Users\\dl_ag\\Herd\\micro-framework-php\\vendor\\bin\\pest(119): include('C:\\\\Users\\\\dl_ag\\\\...')\n#12 {main}"}
[2025-07-15 03:13:26] CRITICAL: Uncaught Exception: Development error details {"exception":"RuntimeException","file":"C:\\Users\\dl_ag\\Herd\\micro-framework-php\\tests\\Unit\\Debug\\EnvironmentErrorHandlingTest.php","line":60,"trace":"#0 C:\\Users\\dl_ag\\Herd\\micro-framework-php\\vendor\\phpunit\\phpunit\\src\\Framework\\TestCase.php(1188): Tests\\Unit\\Debug\\EnvironmentErrorHandlingTest->test_development_environment_shows_detailed_errors()\n#1 C:\\Users\\dl_ag\\Herd\\micro-framework-php\\vendor\\phpunit\\phpunit\\src\\Framework\\TestCase.php(687): PHPUnit\\Framework\\TestCase->runTest()\n#2 C:\\Users\\dl_ag\\Herd\\micro-framework-php\\vendor\\phpunit\\phpunit\\src\\Framework\\TestRunner.php(106): PHPUnit\\Framework\\TestCase->runBare()\n#3 C:\\Users\\dl_ag\\Herd\\micro-framework-php\\vendor\\phpunit\\phpunit\\src\\Framework\\TestCase.php(517): PHPUnit\\Framework\\TestRunner->run(Object(Tests\\Unit\\Debug\\EnvironmentErrorHandlingTest))\n#4 C:\\Users\\dl_ag\\Herd\\micro-framework-php\\vendor\\phpunit\\phpunit\\src\\Framework\\TestSuite.php(380): PHPUnit\\Framework\\TestCase->run()\n#5 C:\\Users\\dl_ag\\Herd\\micro-framework-php\\vendor\\phpunit\\phpunit\\src\\Framework\\TestSuite.php(380): PHPUnit\\Framework\\TestSuite->run()\n#6 C:\\Users\\dl_ag\\Herd\\micro-framework-php\\vendor\\phpunit\\phpunit\\src\\TextUI\\TestRunner.php(64): PHPUnit\\Framework\\TestSuite->run()\n#7 C:\\Users\\dl_ag\\Herd\\micro-framework-php\\vendor\\phpunit\\phpunit\\src\\TextUI\\Application.php(202): PHPUnit\\TextUI\\TestRunner->run(Object(PHPUnit\\TextUI\\Configuration\\Configuration), Object(PHPUnit\\Runner\\ResultCache\\DefaultResultCache), Object(PHPUnit\\Framework\\TestSuite))\n#8 C:\\Users\\dl_ag\\Herd\\micro-framework-php\\vendor\\pestphp\\pest\\src\\Kernel.php(103): PHPUnit\\TextUI\\Application->run(Array)\n#9 C:\\Users\\dl_ag\\Herd\\micro-framework-php\\vendor\\pestphp\\pest\\bin\\pest(91): Pest\\Kernel->handle(Array, Array)\n#10 C:\\Users\\dl_ag\\Herd\\micro-framework-php\\vendor\\pestphp\\pest\\bin\\pest(99): {closure:C:\\Users\\dl_ag\\Herd\\micro-framework-php\\vendor\\pestphp\\pest\\bin\\pest:12}()\n#11 C:\\Users\\dl_ag\\Herd\\micro-framework-php\\vendor\\bin\\pest(119): include('C:\\\\Users\\\\dl_ag\\\\...')\n#12 {main}"}
